<?xml version="1.0" encoding="UTF-8"?>
<!-- Generated by org.testng.reporters.JUnitXMLReporter -->
<testsuite ignored="0" hostname="DESKTOP-LCVS2C2" failures="0" tests="1" name="Command line test" time="0.021" errors="0" timestamp="02 Jan 2019 10:26:34 GMT">
  <testcase classname="base.CommonAPI" name="@BeforeMethod setUP" time="0.0">
    <failure type="org.testng.TestNGException" message="
Parameter &amp;apos;url&amp;apos; is required by BeforeMethod on method setUP but has not been marked @Optional or defined
">
      <![CDATA[org.testng.TestNGException: 
Parameter 'url' is required by BeforeMethod on method setUP but has not been marked @Optional or defined

... Removed 34 stack frames]]>
    </failure>
  </testcase> <!-- @BeforeMethod setUP -->
  <testcase classname="base.CommonAPI" name="@AfterMethod cleanUP" time="0.0">
    <skipped/>
  </testcase> <!-- @AfterMethod cleanUP -->
  <testcase classname="TestHome" name="test1" time="0.0">
    <skipped/>
  </testcase> <!-- test1 -->
</testsuite> <!-- Command line test -->
